[debug] [2024-11-04T04:02:14.681Z] ----------------------------------------------------------------------
[debug] [2024-11-04T04:02:14.685Z] Command:       D:\node\node.exe C:\Users\alcav\AppData\Roaming\npm\node_modules\firebase-tools\lib\bin\firebase.js init hosting
[debug] [2024-11-04T04:02:14.685Z] CLI Version:   13.23.1
[debug] [2024-11-04T04:02:14.685Z] Platform:      win32
[debug] [2024-11-04T04:02:14.686Z] Node Version:  v20.18.0
[debug] [2024-11-04T04:02:14.686Z] Time:          Sun Nov 03 2024 22:02:14 GMT-0600 (hora estándar central)
[debug] [2024-11-04T04:02:14.686Z] ----------------------------------------------------------------------
[debug] 
[debug] [2024-11-04T04:02:14.693Z] > command requires scopes: ["email","openid","https://www.googleapis.com/auth/cloudplatformprojects.readonly","https://www.googleapis.com/auth/firebase","https://www.googleapis.com/auth/cloud-platform"]
[debug] [2024-11-04T04:02:14.694Z] > authorizing via signed-in user (alcava7777@gmail.com)
[info] 
     ######## #### ########  ######## ########     ###     ######  ########
     ##        ##  ##     ## ##       ##     ##  ##   ##  ##       ##
     ######    ##  ########  ######   ########  #########  ######  ######
     ##        ##  ##    ##  ##       ##     ## ##     ##       ## ##
     ##       #### ##     ## ######## ########  ##     ##  ######  ########

You're about to initialize a Firebase project in this directory:

  C:\Users\alcav\Documents\PortafolioAstro\Portafolio

[info] 
=== Project Setup
[info] 
[info] First, let's associate this project directory with a Firebase project.
[info] You can create multiple project aliases by running firebase use --add, 
[info] but for now we'll just set up a default project.
[info] 
[info] i  If you want to create a project in a Google Cloud organization or folder, please use "firebase projects:create" instead, and return to this command when you've created the project. 
[debug] [2024-11-04T04:04:33.013Z] Checked if tokens are valid: true, expires at: 1730696130909
[debug] [2024-11-04T04:04:33.014Z] Checked if tokens are valid: true, expires at: 1730696130909
[debug] [2024-11-04T04:04:33.015Z] >>> [apiv2][query] POST https://cloudresourcemanager.googleapis.com/v1/projects [none]
[debug] [2024-11-04T04:04:33.015Z] >>> [apiv2][body] POST https://cloudresourcemanager.googleapis.com/v1/projects {"projectId":"AlejandroC22","name":"PrtafolioA"}
[debug] [2024-11-04T04:04:33.381Z] <<< [apiv2][status] POST https://cloudresourcemanager.googleapis.com/v1/projects 400
[debug] [2024-11-04T04:04:33.381Z] <<< [apiv2][body] POST https://cloudresourcemanager.googleapis.com/v1/projects {"error":{"code":400,"message":"field [project_id] has issue [project_id contains invalid characters]","status":"INVALID_ARGUMENT","details":[{"@type":"type.googleapis.com/google.rpc.BadRequest","fieldViolations":[{"field":"project_id","description":"project_id contains invalid characters"}]},{"@type":"type.googleapis.com/google.rpc.Help","links":[{"url":"https://cloud.google.com/resource-manager/reference/rest/v1/projects"}]}]}}
[debug] [2024-11-04T04:04:33.512Z] FirebaseError: Request to https://cloudresourcemanager.googleapis.com/v1/projects had HTTP Error: 400, field [project_id] has issue [project_id contains invalid characters]
    at responseToError (C:\Users\alcav\AppData\Roaming\npm\node_modules\firebase-tools\lib\responseToError.js:52:12)
    at RetryOperation._fn (C:\Users\alcav\AppData\Roaming\npm\node_modules\firebase-tools\lib\apiv2.js:312:77)
    at process.processTicksAndRejections (node:internal/process/task_queues:95:5)
[error] 
[error] Error: Failed to create project. See firebase-debug.log for more info.
